2019-06-30 13:44:08.884 +0900 - info: >> Server init
2019-06-30 13:44:08.898 +0900 - info: >> Router init
2019-06-30 13:44:08.900 +0900 - info: >> Error init
2019-06-30 13:44:08.901 +0900 - info: >> Server Start
2019-06-30 13:44:09.010 +0900 - info: 서버 시작 : http://127.0.0.1:80
2019-06-30 13:44:20.060 +0900 - info: 세션 생성 : {"id":"","pw":""}
2019-06-30 13:44:21.707 +0900 - info: 세션 삭제 : {"id":"","pw":""}
2019-06-30 13:44:21.707 +0900 - info: 로그아웃 완료!
2019-06-30 13:44:25.856 +0900 - info: 세션 생성 : {"id":"","pw":""}
2019-06-30 13:44:30.108 +0900 - info: 세션 삭제 : {"id":"","pw":""}
2019-06-30 13:44:30.109 +0900 - info: 로그아웃 완료!
2019-06-30 13:45:47.735 +0900 - info: >> Server init
2019-06-30 13:45:47.748 +0900 - info: >> Router init
2019-06-30 13:45:47.752 +0900 - info: >> Error init
2019-06-30 13:45:47.754 +0900 - info: >> Server Start
2019-06-30 13:45:47.870 +0900 - info: 서버 시작 : http://127.0.0.1:80
2019-06-30 13:47:17.381 +0900 - info: >> Server init
2019-06-30 13:47:17.398 +0900 - info: >> Router init
2019-06-30 13:47:17.399 +0900 - info: >> Error init
2019-06-30 13:47:17.400 +0900 - info: >> Server Start
2019-06-30 13:47:17.510 +0900 - info: 서버 시작 : http://127.0.0.1:80
2019-06-30 13:48:13.122 +0900 - info: >> Server init
2019-06-30 13:48:13.141 +0900 - info: >> Router init
2019-06-30 13:48:13.142 +0900 - info: >> Error init
2019-06-30 13:48:13.143 +0900 - info: >> Server Start
2019-06-30 13:48:13.250 +0900 - info: 서버 시작 : http://127.0.0.1:80
2019-06-30 13:48:57.040 +0900 - info: >> Server init
2019-06-30 13:48:57.056 +0900 - info: >> Router init
2019-06-30 13:48:57.056 +0900 - info: >> Error init
2019-06-30 13:48:57.058 +0900 - info: >> Server Start
2019-06-30 13:48:57.173 +0900 - info: 서버 시작 : http://127.0.0.1:80
2019-06-30 13:50:10.311 +0900 - info: >> Server init
2019-06-30 13:50:10.324 +0900 - info: >> Router init
2019-06-30 13:50:10.325 +0900 - info: >> Error init
2019-06-30 13:50:10.326 +0900 - info: >> Server Start
2019-06-30 13:50:10.445 +0900 - info: 서버 시작 : http://127.0.0.1:80
2019-06-30 13:50:42.835 +0900 - info: >> Server init
2019-06-30 13:50:42.849 +0900 - info: >> Router init
2019-06-30 13:50:42.850 +0900 - info: >> Error init
2019-06-30 13:50:42.851 +0900 - info: >> Server Start
2019-06-30 13:50:42.951 +0900 - info: 서버 시작 : http://127.0.0.1:80
2019-06-30 13:51:16.145 +0900 - info: >> Server init
2019-06-30 13:51:16.164 +0900 - info: >> Router init
2019-06-30 13:51:16.165 +0900 - info: >> Error init
2019-06-30 13:51:16.166 +0900 - info: >> Server Start
2019-06-30 13:51:16.330 +0900 - info: 서버 시작 : http://127.0.0.1:80
2019-06-30 13:51:26.922 +0900 - info: 세션 생성 : {"id":"","pw":""}
2019-06-30 14:56:58.561 +0900 - info: >> Server init
2019-06-30 14:56:58.574 +0900 - info: >> Router init
2019-06-30 14:56:58.575 +0900 - info: >> Error init
2019-06-30 14:56:58.576 +0900 - info: >> Server Start
2019-06-30 14:56:58.673 +0900 - info: 서버 시작 : http://127.0.0.1:80
